<?xml version="1.0" encoding="UTF-8"?>
<!-- Generated by org.testng.reporters.JUnitReportReporter -->
<testsuite skipped="0" hostname="LAPTOP-6PJ8U8UH" name="com.pom.testcases.SearchFlight" tests="2" failures="0" timestamp="2019-09-13T09:40:51 IST" time="144.242" errors="0">
  <testcase name="searchWithReturn" time="78.413" classname="com.pom.testcases.SearchFlight"/>
  <testcase name="searchOneWay" time="65.829" classname="com.pom.testcases.SearchFlight"/>
</testsuite> <!-- com.pom.testcases.SearchFlight -->
